<?xml version="1.0" encoding="UTF-8"?>
<testng-results skipped="0" failed="2" ignored="0" total="4" passed="2">
  <reporter-output>
  </reporter-output>
  <suite name="Default suite" duration-ms="31538" started-at="2021-01-12T13:19:36 ART" finished-at="2021-01-12T13:20:08 ART">
    <groups>
    </groups>
    <test name="Default test" duration-ms="31538" started-at="2021-01-12T13:19:36 ART" finished-at="2021-01-12T13:20:08 ART">
      <class name="GoogleTestCases.GoogleTestCases">
        <test-method status="PASS" signature="Setup()[pri:0, instance:GoogleTestCases.GoogleTestCases@30b8a058]" name="Setup" is-config="true" duration-ms="4529" started-at="2021-01-12T13:19:36 ART" finished-at="2021-01-12T13:19:41 ART">
          <reporter-output>
          </reporter-output>
        </test-method> <!-- Setup -->
        <test-method status="FAIL" signature="SearchByGoogleSearchButton()[pri:1, instance:GoogleTestCases.GoogleTestCases@30b8a058]" name="SearchByGoogleSearchButton" duration-ms="3328" started-at="2021-01-12T13:19:41 ART" description="First scenario" finished-at="2021-01-12T13:19:44 ART">
          <exception class="java.lang.AssertionError">
            <message>
              <![CDATA[expected [El nombre del viento - Wikipedia, la enciclopedia libre] but found [Patrick Rothfuss - The Books]]]>
            </message>
            <full-stacktrace>
              <![CDATA[java.lang.AssertionError: expected [El nombre del viento - Wikipedia, la enciclopedia libre] but found [Patrick Rothfuss - The Books]
at org.testng.Assert.fail(Assert.java:99)
at org.testng.Assert.failNotEquals(Assert.java:1037)
at org.testng.Assert.assertEqualsImpl(Assert.java:140)
at org.testng.Assert.assertEquals(Assert.java:122)
at org.testng.Assert.assertEquals(Assert.java:629)
at org.testng.Assert.assertEquals(Assert.java:639)
at GoogleTestCases.GoogleTestCases.SearchByGoogleSearchButton(GoogleTestCases.java:21)
at sun.reflect.NativeMethodAccessorImpl.invoke0(Native Method)
at sun.reflect.NativeMethodAccessorImpl.invoke(Unknown Source)
at sun.reflect.DelegatingMethodAccessorImpl.invoke(Unknown Source)
at java.lang.reflect.Method.invoke(Unknown Source)
at org.testng.internal.MethodInvocationHelper.invokeMethod(MethodInvocationHelper.java:132)
at org.testng.internal.TestInvoker.invokeMethod(TestInvoker.java:599)
at org.testng.internal.TestInvoker.invokeTestMethod(TestInvoker.java:174)
at org.testng.internal.MethodRunner.runInSequence(MethodRunner.java:46)
at org.testng.internal.TestInvoker$MethodInvocationAgent.invoke(TestInvoker.java:822)
at org.testng.internal.TestInvoker.invokeTestMethods(TestInvoker.java:147)
at org.testng.internal.TestMethodWorker.invokeTestMethods(TestMethodWorker.java:146)
at org.testng.internal.TestMethodWorker.run(TestMethodWorker.java:128)
at java.util.ArrayList.forEach(Unknown Source)
at org.testng.TestRunner.privateRun(TestRunner.java:764)
at org.testng.TestRunner.run(TestRunner.java:585)
at org.testng.SuiteRunner.runTest(SuiteRunner.java:384)
at org.testng.SuiteRunner.runSequentially(SuiteRunner.java:378)
at org.testng.SuiteRunner.privateRun(SuiteRunner.java:337)
at org.testng.SuiteRunner.run(SuiteRunner.java:286)
at org.testng.SuiteRunnerWorker.runSuite(SuiteRunnerWorker.java:53)
at org.testng.SuiteRunnerWorker.run(SuiteRunnerWorker.java:96)
at org.testng.TestNG.runSuitesSequentially(TestNG.java:1218)
at org.testng.TestNG.runSuitesLocally(TestNG.java:1140)
at org.testng.TestNG.runSuites(TestNG.java:1069)
at org.testng.TestNG.run(TestNG.java:1037)
at org.testng.remote.AbstractRemoteTestNG.run(AbstractRemoteTestNG.java:115)
at org.testng.remote.RemoteTestNG.initAndRun(RemoteTestNG.java:251)
at org.testng.remote.RemoteTestNG.main(RemoteTestNG.java:77)
]]>
            </full-stacktrace>
          </exception> <!-- java.lang.AssertionError -->
          <reporter-output>
          </reporter-output>
        </test-method> <!-- SearchByGoogleSearchButton -->
        <test-method status="PASS" signature="TearDown()[pri:0, instance:GoogleTestCases.GoogleTestCases@30b8a058]" name="TearDown" is-config="true" duration-ms="42" started-at="2021-01-12T13:19:44 ART" finished-at="2021-01-12T13:19:44 ART">
          <reporter-output>
          </reporter-output>
        </test-method> <!-- TearDown -->
        <test-method status="PASS" signature="Setup()[pri:0, instance:GoogleTestCases.GoogleTestCases@30b8a058]" name="Setup" is-config="true" duration-ms="4402" started-at="2021-01-12T13:19:44 ART" finished-at="2021-01-12T13:19:48 ART">
          <reporter-output>
          </reporter-output>
        </test-method> <!-- Setup -->
        <test-method status="FAIL" signature="SearchBySuggestions()[pri:2, instance:GoogleTestCases.GoogleTestCases@30b8a058]" name="SearchBySuggestions" duration-ms="3707" started-at="2021-01-12T13:19:48 ART" description="Second scenario" finished-at="2021-01-12T13:19:52 ART">
          <exception class="java.lang.AssertionError">
            <message>
              <![CDATA[expected [El nombre del viento - Wikipedia, la enciclopedia libre] but found [Patrick Rothfuss - The Books]]]>
            </message>
            <full-stacktrace>
              <![CDATA[java.lang.AssertionError: expected [El nombre del viento - Wikipedia, la enciclopedia libre] but found [Patrick Rothfuss - The Books]
at org.testng.Assert.fail(Assert.java:99)
at org.testng.Assert.failNotEquals(Assert.java:1037)
at org.testng.Assert.assertEqualsImpl(Assert.java:140)
at org.testng.Assert.assertEquals(Assert.java:122)
at org.testng.Assert.assertEquals(Assert.java:629)
at org.testng.Assert.assertEquals(Assert.java:639)
at GoogleTestCases.GoogleTestCases.SearchBySuggestions(GoogleTestCases.java:33)
at sun.reflect.NativeMethodAccessorImpl.invoke0(Native Method)
at sun.reflect.NativeMethodAccessorImpl.invoke(Unknown Source)
at sun.reflect.DelegatingMethodAccessorImpl.invoke(Unknown Source)
at java.lang.reflect.Method.invoke(Unknown Source)
at org.testng.internal.MethodInvocationHelper.invokeMethod(MethodInvocationHelper.java:132)
at org.testng.internal.TestInvoker.invokeMethod(TestInvoker.java:599)
at org.testng.internal.TestInvoker.invokeTestMethod(TestInvoker.java:174)
at org.testng.internal.MethodRunner.runInSequence(MethodRunner.java:46)
at org.testng.internal.TestInvoker$MethodInvocationAgent.invoke(TestInvoker.java:822)
at org.testng.internal.TestInvoker.invokeTestMethods(TestInvoker.java:147)
at org.testng.internal.TestMethodWorker.invokeTestMethods(TestMethodWorker.java:146)
at org.testng.internal.TestMethodWorker.run(TestMethodWorker.java:128)
at java.util.ArrayList.forEach(Unknown Source)
at org.testng.TestRunner.privateRun(TestRunner.java:764)
at org.testng.TestRunner.run(TestRunner.java:585)
at org.testng.SuiteRunner.runTest(SuiteRunner.java:384)
at org.testng.SuiteRunner.runSequentially(SuiteRunner.java:378)
at org.testng.SuiteRunner.privateRun(SuiteRunner.java:337)
at org.testng.SuiteRunner.run(SuiteRunner.java:286)
at org.testng.SuiteRunnerWorker.runSuite(SuiteRunnerWorker.java:53)
at org.testng.SuiteRunnerWorker.run(SuiteRunnerWorker.java:96)
at org.testng.TestNG.runSuitesSequentially(TestNG.java:1218)
at org.testng.TestNG.runSuitesLocally(TestNG.java:1140)
at org.testng.TestNG.runSuites(TestNG.java:1069)
at org.testng.TestNG.run(TestNG.java:1037)
at org.testng.remote.AbstractRemoteTestNG.run(AbstractRemoteTestNG.java:115)
at org.testng.remote.RemoteTestNG.initAndRun(RemoteTestNG.java:251)
at org.testng.remote.RemoteTestNG.main(RemoteTestNG.java:77)
]]>
            </full-stacktrace>
          </exception> <!-- java.lang.AssertionError -->
          <reporter-output>
          </reporter-output>
        </test-method> <!-- SearchBySuggestions -->
        <test-method status="PASS" signature="TearDown()[pri:0, instance:GoogleTestCases.GoogleTestCases@30b8a058]" name="TearDown" is-config="true" duration-ms="40" started-at="2021-01-12T13:19:52 ART" finished-at="2021-01-12T13:19:52 ART">
          <reporter-output>
          </reporter-output>
        </test-method> <!-- TearDown -->
        <test-method status="PASS" signature="Setup()[pri:0, instance:GoogleTestCases.GoogleTestCases@30b8a058]" name="Setup" is-config="true" duration-ms="3913" started-at="2021-01-12T13:19:52 ART" finished-at="2021-01-12T13:19:56 ART">
          <reporter-output>
          </reporter-output>
        </test-method> <!-- Setup -->
        <test-method status="PASS" signature="SearchValidatingTheWikipediaPage()[pri:3, instance:GoogleTestCases.GoogleTestCases@30b8a058]" name="SearchValidatingTheWikipediaPage" duration-ms="3960" started-at="2021-01-12T13:19:56 ART" description="Extra scenario 1" finished-at="2021-01-12T13:20:00 ART">
          <reporter-output>
          </reporter-output>
        </test-method> <!-- SearchValidatingTheWikipediaPage -->
        <test-method status="PASS" signature="TearDown()[pri:0, instance:GoogleTestCases.GoogleTestCases@30b8a058]" name="TearDown" is-config="true" duration-ms="73" started-at="2021-01-12T13:20:00 ART" finished-at="2021-01-12T13:20:00 ART">
          <reporter-output>
          </reporter-output>
        </test-method> <!-- TearDown -->
        <test-method status="PASS" signature="Setup()[pri:0, instance:GoogleTestCases.GoogleTestCases@30b8a058]" name="Setup" is-config="true" duration-ms="4217" started-at="2021-01-12T13:20:00 ART" finished-at="2021-01-12T13:20:04 ART">
          <reporter-output>
          </reporter-output>
        </test-method> <!-- Setup -->
        <test-method status="PASS" signature="SearchTryingToFindTheCorrectResult()[pri:4, instance:GoogleTestCases.GoogleTestCases@30b8a058]" name="SearchTryingToFindTheCorrectResult" duration-ms="3236" started-at="2021-01-12T13:20:04 ART" description="Extra scenario 2" finished-at="2021-01-12T13:20:07 ART">
          <reporter-output>
          </reporter-output>
        </test-method> <!-- SearchTryingToFindTheCorrectResult -->
        <test-method status="PASS" signature="TearDown()[pri:0, instance:GoogleTestCases.GoogleTestCases@30b8a058]" name="TearDown" is-config="true" duration-ms="46" started-at="2021-01-12T13:20:07 ART" finished-at="2021-01-12T13:20:08 ART">
          <reporter-output>
          </reporter-output>
        </test-method> <!-- TearDown -->
      </class> <!-- GoogleTestCases.GoogleTestCases -->
    </test> <!-- Default test -->
  </suite> <!-- Default suite -->
</testng-results>
